<?xml version="1.0" encoding="UTF-8"?>
<!-- Generated by org.testng.reporters.JUnitXMLReporter -->
<testsuite ignored="0" hostname="Aayush" failures="0" tests="3" name="Submit order Test" time="50.812" errors="0" timestamp="2024-06-02T15:20:08 IST">
  <testcase classname="test.LoginPageScript" name="SubmitOrder" time="23.654"/>
  <testcase classname="test.LoginPageScript" name="SubmitOrder" time="6.204"/>
  <testcase classname="test.LoginPageScript" name="OrderHistory" time="1.453"/>
</testsuite> <!-- Submit order Test -->
