<?xml version="1.0" encoding="UTF-8"?>
<!-- Generated by org.testng.reporters.JUnitXMLReporter -->
<testsuite ignored="0" hostname="Aayush" failures="0" tests="3" name="Submit order Test" time="99.713" errors="0" timestamp="2024-06-05T01:34:03 IST">
  <testcase classname="test.LoginPageScript" name="SubmitOrder" time="21.905"/>
  <testcase classname="test.LoginPageScript" name="SubmitOrder" time="20.22"/>
  <testcase classname="test.LoginPageScript" name="OrderHistory" time="1.053"/>
</testsuite> <!-- Submit order Test -->
