<?xml version="1.0" encoding="UTF-8"?>
<testng-results ignored="0" total="5" passed="5" failed="0" skipped="0">
  <reporter-output>
  </reporter-output>
  <suite started-at="2024-06-05T01:32:23 IST" name="Suite" finished-at="2024-06-05T01:34:03 IST" duration-ms="99713">
    <groups>
      <group name="Purchase">
        <method signature="LoginPageScript.SubmitOrder(java.util.HashMap)[pri:0, instance:test.LoginPageScript@c05fddc]" name="SubmitOrder" class="test.LoginPageScript"/>
      </group> <!-- Purchase -->
      <group name="errorHandling">
        <method signature="ErrorValidation.loginError()[pri:0, instance:test.ErrorValidation@3e2055d6]" name="loginError" class="test.ErrorValidation"/>
      </group> <!-- errorHandling -->
    </groups>
    <test started-at="2024-06-05T01:32:23 IST" name="Error validarion Test" finished-at="2024-06-05T01:33:33 IST" duration-ms="69913">
      <class name="test.ErrorValidation">
        <test-method is-config="true" signature="launchApplication()[pri:0, instance:test.ErrorValidation@3e2055d6]" started-at="2024-06-05T01:32:23 IST" name="launchApplication" finished-at="2024-06-05T01:32:41 IST" duration-ms="17902" status="PASS">
          <reporter-output>
          </reporter-output>
        </test-method> <!-- launchApplication -->
        <test-method signature="loginError()[pri:0, instance:test.ErrorValidation@3e2055d6]" started-at="2024-06-05T01:32:41 IST" name="loginError" finished-at="2024-06-05T01:32:43 IST" duration-ms="1232" status="PASS">
          <reporter-output>
          </reporter-output>
        </test-method> <!-- loginError -->
        <test-method is-config="true" signature="closeWindow()[pri:0, instance:test.ErrorValidation@3e2055d6]" started-at="2024-06-05T01:32:43 IST" name="closeWindow" finished-at="2024-06-05T01:32:46 IST" duration-ms="3111" status="PASS">
          <reporter-output>
          </reporter-output>
        </test-method> <!-- closeWindow -->
        <test-method is-config="true" signature="launchApplication()[pri:0, instance:test.ErrorValidation@3e2055d6]" started-at="2024-06-05T01:32:46 IST" name="launchApplication" finished-at="2024-06-05T01:33:09 IST" duration-ms="23481" status="PASS">
          <reporter-output>
          </reporter-output>
        </test-method> <!-- launchApplication -->
        <test-method signature="productError()[pri:0, instance:test.ErrorValidation@3e2055d6]" started-at="2024-06-05T01:33:09 IST" name="productError" finished-at="2024-06-05T01:33:28 IST" duration-ms="19032" status="PASS">
          <reporter-output>
          </reporter-output>
        </test-method> <!-- productError -->
        <test-method is-config="true" signature="closeWindow()[pri:0, instance:test.ErrorValidation@3e2055d6]" started-at="2024-06-05T01:33:28 IST" name="closeWindow" finished-at="2024-06-05T01:33:33 IST" duration-ms="4994" status="PASS">
          <reporter-output>
          </reporter-output>
        </test-method> <!-- closeWindow -->
      </class> <!-- test.ErrorValidation -->
    </test> <!-- Error validarion Test -->
    <test started-at="2024-06-05T01:32:23 IST" name="Submit order Test" finished-at="2024-06-05T01:34:03 IST" duration-ms="99713">
      <class name="test.LoginPageScript">
        <test-method is-config="true" signature="launchApplication()[pri:0, instance:test.LoginPageScript@c05fddc]" started-at="2024-06-05T01:32:24 IST" name="launchApplication" finished-at="2024-06-05T01:32:41 IST" duration-ms="17091" status="PASS">
          <reporter-output>
          </reporter-output>
        </test-method> <!-- launchApplication -->
        <test-method signature="SubmitOrder(java.util.HashMap)[pri:0, instance:test.LoginPageScript@c05fddc]" started-at="2024-06-05T01:32:41 IST" name="SubmitOrder" data-provider="getData" finished-at="2024-06-05T01:33:03 IST" duration-ms="21905" status="PASS">
          <params>
            <param index="0">
              <value>
                <![CDATA[{password=Chintu@123, product=ADIDAS ORIGINAL, email=chintulala@gmail.com}]]>
              </value>
            </param>
          </params>
          <reporter-output>
          </reporter-output>
        </test-method> <!-- SubmitOrder -->
        <test-method is-config="true" signature="closeWindow()[pri:0, instance:test.LoginPageScript@c05fddc]" started-at="2024-06-05T01:33:03 IST" name="closeWindow" finished-at="2024-06-05T01:33:08 IST" duration-ms="4728" status="PASS">
          <reporter-output>
          </reporter-output>
        </test-method> <!-- closeWindow -->
        <test-method is-config="true" signature="launchApplication()[pri:0, instance:test.LoginPageScript@c05fddc]" started-at="2024-06-05T01:33:08 IST" name="launchApplication" finished-at="2024-06-05T01:33:26 IST" duration-ms="17586" status="PASS">
          <reporter-output>
          </reporter-output>
        </test-method> <!-- launchApplication -->
        <test-method signature="SubmitOrder(java.util.HashMap)[pri:0, instance:test.LoginPageScript@c05fddc]" started-at="2024-06-05T01:33:26 IST" name="SubmitOrder" data-provider="getData" finished-at="2024-06-05T01:33:46 IST" duration-ms="20220" status="PASS">
          <params>
            <param index="0">
              <value>
                <![CDATA[{password=Aayush@123, product=ZARA COAT 3, email=Aayush@gmail.com}]]>
              </value>
            </param>
          </params>
          <reporter-output>
          </reporter-output>
        </test-method> <!-- SubmitOrder -->
        <test-method is-config="true" signature="closeWindow()[pri:0, instance:test.LoginPageScript@c05fddc]" started-at="2024-06-05T01:33:46 IST" name="closeWindow" finished-at="2024-06-05T01:33:49 IST" duration-ms="2883" status="PASS">
          <reporter-output>
          </reporter-output>
        </test-method> <!-- closeWindow -->
        <test-method is-config="true" signature="launchApplication()[pri:0, instance:test.LoginPageScript@c05fddc]" started-at="2024-06-05T01:33:49 IST" name="launchApplication" finished-at="2024-06-05T01:34:01 IST" duration-ms="11883" status="PASS">
          <reporter-output>
          </reporter-output>
        </test-method> <!-- launchApplication -->
        <test-method signature="OrderHistory()[pri:0, instance:test.LoginPageScript@c05fddc]" started-at="2024-06-05T01:34:01 IST" name="OrderHistory" finished-at="2024-06-05T01:34:02 IST" depends-on-methods="test.LoginPageScript.SubmitOrder" duration-ms="1053" status="PASS">
          <reporter-output>
          </reporter-output>
        </test-method> <!-- OrderHistory -->
        <test-method is-config="true" signature="closeWindow()[pri:0, instance:test.LoginPageScript@c05fddc]" started-at="2024-06-05T01:34:02 IST" name="closeWindow" finished-at="2024-06-05T01:34:03 IST" duration-ms="1505" status="PASS">
          <reporter-output>
          </reporter-output>
        </test-method> <!-- closeWindow -->
      </class> <!-- test.LoginPageScript -->
    </test> <!-- Submit order Test -->
  </suite> <!-- Suite -->
</testng-results>
