<?xml version="1.0" encoding="UTF-8"?>
<testng-results ignored="0" total="5" passed="5" failed="0" skipped="0">
  <reporter-output>
  </reporter-output>
  <suite started-at="2024-06-02T15:19:17 IST" name="Suite" finished-at="2024-06-02T15:20:08 IST" duration-ms="50812">
    <groups>
      <group name="Purchase">
        <method signature="LoginPageScript.SubmitOrder(java.util.HashMap)[pri:0, instance:test.LoginPageScript@74f6c5d8]" name="SubmitOrder" class="test.LoginPageScript"/>
      </group> <!-- Purchase -->
      <group name="errorHandling">
        <method signature="ErrorValidation.loginError()[pri:0, instance:test.ErrorValidation@421e361]" name="loginError" class="test.ErrorValidation"/>
      </group> <!-- errorHandling -->
    </groups>
    <test started-at="2024-06-02T15:19:17 IST" name="Error validarion Test" finished-at="2024-06-02T15:19:54 IST" duration-ms="36799">
      <class name="test.ErrorValidation">
        <test-method is-config="true" signature="launchApplication()[pri:0, instance:test.ErrorValidation@421e361]" started-at="2024-06-02T15:19:17 IST" name="launchApplication" finished-at="2024-06-02T15:19:27 IST" duration-ms="9995" status="PASS">
          <reporter-output>
          </reporter-output>
        </test-method> <!-- launchApplication -->
        <test-method signature="loginError()[pri:0, instance:test.ErrorValidation@421e361]" started-at="2024-06-02T15:19:27 IST" name="loginError" finished-at="2024-06-02T15:19:29 IST" duration-ms="1547" status="PASS">
          <reporter-output>
          </reporter-output>
        </test-method> <!-- loginError -->
        <test-method is-config="true" signature="closeWindow()[pri:0, instance:test.ErrorValidation@421e361]" started-at="2024-06-02T15:19:29 IST" name="closeWindow" finished-at="2024-06-02T15:19:29 IST" duration-ms="468" status="PASS">
          <reporter-output>
          </reporter-output>
        </test-method> <!-- closeWindow -->
        <test-method is-config="true" signature="launchApplication()[pri:0, instance:test.ErrorValidation@421e361]" started-at="2024-06-02T15:19:29 IST" name="launchApplication" finished-at="2024-06-02T15:19:35 IST" duration-ms="5656" status="PASS">
          <reporter-output>
          </reporter-output>
        </test-method> <!-- launchApplication -->
        <test-method signature="productError()[pri:0, instance:test.ErrorValidation@421e361]" started-at="2024-06-02T15:19:35 IST" name="productError" finished-at="2024-06-02T15:19:53 IST" duration-ms="18589" status="PASS">
          <reporter-output>
          </reporter-output>
        </test-method> <!-- productError -->
        <test-method is-config="true" signature="closeWindow()[pri:0, instance:test.ErrorValidation@421e361]" started-at="2024-06-02T15:19:53 IST" name="closeWindow" finished-at="2024-06-02T15:19:54 IST" duration-ms="354" status="PASS">
          <reporter-output>
          </reporter-output>
        </test-method> <!-- closeWindow -->
      </class> <!-- test.ErrorValidation -->
    </test> <!-- Error validarion Test -->
    <test started-at="2024-06-02T15:19:17 IST" name="Submit order Test" finished-at="2024-06-02T15:20:08 IST" duration-ms="50812">
      <class name="test.LoginPageScript">
        <test-method is-config="true" signature="launchApplication()[pri:0, instance:test.LoginPageScript@74f6c5d8]" started-at="2024-06-02T15:19:18 IST" name="launchApplication" finished-at="2024-06-02T15:19:26 IST" duration-ms="8566" status="PASS">
          <reporter-output>
          </reporter-output>
        </test-method> <!-- launchApplication -->
        <test-method signature="SubmitOrder(java.util.HashMap)[pri:0, instance:test.LoginPageScript@74f6c5d8]" started-at="2024-06-02T15:19:26 IST" name="SubmitOrder" data-provider="getData" finished-at="2024-06-02T15:19:50 IST" duration-ms="23654" status="PASS">
          <params>
            <param index="0">
              <value>
                <![CDATA[{password=Chintu@123, product=ADIDAS ORIGINAL, email=chintulala@gmail.com}]]>
              </value>
            </param>
          </params>
          <reporter-output>
          </reporter-output>
        </test-method> <!-- SubmitOrder -->
        <test-method is-config="true" signature="closeWindow()[pri:0, instance:test.LoginPageScript@74f6c5d8]" started-at="2024-06-02T15:19:50 IST" name="closeWindow" finished-at="2024-06-02T15:19:51 IST" duration-ms="604" status="PASS">
          <reporter-output>
          </reporter-output>
        </test-method> <!-- closeWindow -->
        <test-method is-config="true" signature="launchApplication()[pri:0, instance:test.LoginPageScript@74f6c5d8]" started-at="2024-06-02T15:19:51 IST" name="launchApplication" finished-at="2024-06-02T15:19:55 IST" duration-ms="4743" status="PASS">
          <reporter-output>
          </reporter-output>
        </test-method> <!-- launchApplication -->
        <test-method signature="SubmitOrder(java.util.HashMap)[pri:0, instance:test.LoginPageScript@74f6c5d8]" started-at="2024-06-02T15:19:55 IST" name="SubmitOrder" data-provider="getData" finished-at="2024-06-02T15:20:02 IST" duration-ms="6204" status="PASS">
          <params>
            <param index="0">
              <value>
                <![CDATA[{password=Aayush@123, product=ZARA COAT 3, email=Aayush@gmail.com}]]>
              </value>
            </param>
          </params>
          <reporter-output>
          </reporter-output>
        </test-method> <!-- SubmitOrder -->
        <test-method is-config="true" signature="closeWindow()[pri:0, instance:test.LoginPageScript@74f6c5d8]" started-at="2024-06-02T15:20:02 IST" name="closeWindow" finished-at="2024-06-02T15:20:02 IST" duration-ms="371" status="PASS">
          <reporter-output>
          </reporter-output>
        </test-method> <!-- closeWindow -->
        <test-method is-config="true" signature="launchApplication()[pri:0, instance:test.LoginPageScript@74f6c5d8]" started-at="2024-06-02T15:20:02 IST" name="launchApplication" finished-at="2024-06-02T15:20:06 IST" duration-ms="4120" status="PASS">
          <reporter-output>
          </reporter-output>
        </test-method> <!-- launchApplication -->
        <test-method signature="OrderHistory()[pri:0, instance:test.LoginPageScript@74f6c5d8]" started-at="2024-06-02T15:20:06 IST" name="OrderHistory" finished-at="2024-06-02T15:20:08 IST" depends-on-methods="test.LoginPageScript.SubmitOrder" duration-ms="1453" status="PASS">
          <reporter-output>
          </reporter-output>
        </test-method> <!-- OrderHistory -->
        <test-method is-config="true" signature="closeWindow()[pri:0, instance:test.LoginPageScript@74f6c5d8]" started-at="2024-06-02T15:20:08 IST" name="closeWindow" finished-at="2024-06-02T15:20:08 IST" duration-ms="260" status="PASS">
          <reporter-output>
          </reporter-output>
        </test-method> <!-- closeWindow -->
      </class> <!-- test.LoginPageScript -->
    </test> <!-- Submit order Test -->
  </suite> <!-- Suite -->
</testng-results>
